make --dry-run --keep-going --print-directory
make: Entering directory `/Users/noguen/minimini'
mkdir -p objs
mkdir -p objs/parse
mkdir -p objs/utils
mkdir -p objs/get_next_line
gcc -g -fsanitize=address -c src/parse/alloc_token.c -o objs/parse/alloc_token.o \
 
			-I /Users/noguen/.brew/opt/readline/include
mkdir -p objs
mkdir -p objs/parse
mkdir -p objs/utils
mkdir -p objs/get_next_line
gcc -g -fsanitize=address -c src/parse/alloc_word.c -o objs/parse/alloc_word.o \
			-I /Users/noguen/.brew/opt/readline/include
mkdir -p objs
mkdir -p objs/parse
mkdir -p objs/utils
mkdir -p objs/get_next_line
gcc -g -fsanitize=address -c src/parse/check.c -o objs/parse/check.o \
			-I /Users/noguen/.brew/opt/readline/include
mkdir -p objs
mkdir -p objs/parse
mkdir -p objs/utils
mkdir -p objs/get_next_line
gcc -g -fsanitize=address -c src/parse/get_env.c -o objs/parse/get_env.o \
			-I /Users/noguen/.brew/opt/readline/include
mkdir -p objs
mkdir -p objs/parse
mkdir -p objs/utils
mkdir -p objs/get_next_line
gcc -g -fsanitize=address -c src/parse/get_parse_size.c -o objs/parse/get_parse_size.o \
			-I /Users/noguen/.brew/opt/readline/include
mkdir -p objs
mkdir -p objs/parse
mkdir -p objs/utils
mkdir -p objs/get_next_line
gcc -g -fsanitize=address -c src/parse/new_cmd.c -o objs/parse/new_cmd.o \
			-I /Users/noguen/.brew/opt/readline/include
mkdir -p objs
mkdir -p objs/parse
mkdir -p objs/utils
mkdir -p objs/get_next_line
gcc -g -fsanitize=address -c src/parse/parse.c -o objs/parse/parse.o \
			-I /Users/noguen/.brew/opt/readline/include
 
mkdir -p objs
mkdir -p objs/parse
mkdir -p objs/utils
mkdir -p objs/get_next_line
gcc -g -fsanitize=address -c src/parse/quote_count.c -o objs/parse/quote_count.o \
			-I /Users/noguen/.brew/opt/readline/include
mkdir -p objs
mkdir -p objs/parse
mkdir -p objs/utils
mkdir -p objs/get_next_line
gcc -g -fsanitize=address -c src/parse/split_cmd.c -o objs/parse/split_cmd.o \
			-I /Users/noguen/.brew/opt/readline/include
mkdir -p objs
mkdir -p objs/parse
mkdir -p objs/utils
mkdir -p objs/get_next_line
gcc -g -fsanitize=address -c src/parse/split_count.c -o objs/parse/split_count.o \
			-I /Users/noguen/.brew/opt/readline/include
mkdir -p objs
mkdir -p objs/parse
mkdir -p objs/utils
mkdir -p objs/get_next_line
gcc -g -fsanitize=address -c src/parse/utils.c -o objs/parse/utils.o \
			-I /Users/noguen/.brew/opt/readline/include
 
gcc -g -fsanitize=address -o minishell objs/parse/alloc_token.o objs/parse/alloc_word.o objs/parse/check.o objs/parse/get_env.o objs/parse/get_parse_size.o objs/parse/new_cmd.o objs/parse/parse.o objs/parse/quote_count.o objs/parse/split_cmd.o objs/parse/split_count.o objs/parse/utils.o objs/minishell.o objs/signal.o objs/unset.o objs/export.o objs/exec.o objs/inout.o objs/utils/util1.o objs/utils/util2.o objs/get_next_line/get_next_line.o objs/get_next_line/get_next_line_utils.o -lreadline -L /Users/noguen/.brew/opt/readline/lib -I /Users/noguen/.brew/opt/readline/include\
			libft.a
 
make: Leaving directory `/Users/noguen/minimini'
 
