make all --print-data-base --no-builtin-variables --no-builtin-rules --question
# GNU Make 3.81
# Copyright (C) 2006  Free Software Foundation, Inc.
# This is free software; see the source for copying conditions.
# There is NO warranty; not even for MERCHANTABILITY or FITNESS FOR A
# PARTICULAR PURPOSE.

 
# This program built for i386-apple-darwin11.3.0
 

# Make data base, printed on Fri May 13 12:28:04 2022

# Variables

# automatic
<D = $(patsubst %/,%,$(dir $<))
# automatic
 
?F = $(notdir $?)
# makefile (from `Makefile', line 42)
OBJ = $(SRC:$(SRC_DIR)/%.c=$(OBJ_DIR)/%.o)
# makefile (from `Makefile', line 19)
SRC = src/parse/alloc_token.c src/parse/alloc_word.c src/parse/check.c src/parse/get_env.c src/parse/get_parse_size.c src/parse/new_cmd.c src/parse/parse.c src/parse/quote_count.c src/parse/split_cmd.c src/parse/split_count.c src/parse/utils.c src/minishell.c src/signal.c src/unset.c src/export.c src/exec.c src/inout.c src/utils/util1.c src/utils/util2.c src/get_next_line/get_next_line.c src/get_next_line/get_next_line_utils.c
# environment
VSCODE_LOG_NATIVE = false
# automatic
?D = $(patsubst %/,%,$(dir $?))
# automatic
@D = $(patsubst %/,%,$(dir $@))
# automatic
@F = $(notdir $@)
# makefile
CURDIR := /Users/noguen/minimini
# makefile
SHELL = /bin/sh
# makefile (from `Makefile', line 2)
RM = rm -rf
# environment
VSCODE_NLS_CONFIG = {"locale":"ko","availableLanguages":{"*":"ko"},"_languagePackId":"7f2b75a751ab1839cc7719cedd31e8cc.ko","_translationsConfigFile":"/Users/noguen/Library/Application Support/Code/clp/7f2b75a751ab1839cc7719cedd31e8cc.ko/tcf.json","_cacheRoot":"/Users/noguen/Library/Application Support/Code/clp/7f2b75a751ab1839cc7719cedd31e8cc.ko","_resolvedLanguagePackCoreLocation":"/Users/noguen/Library/Application Support/Code/clp/7f2b75a751ab1839cc7719cedd31e8cc.ko/57fd6d0195bb9b9d1b49f6da5db789060795de47","_corruptedFile":"/Users/noguen/Library/Application Support/Code/clp/7f2b75a751ab1839cc7719cedd31e8cc.ko/corrupted.info","_languagePackSupport":true}
# environment
_ = /usr/bin/make
# makefile (from `Makefile', line 3)
CFLAGS = -Wall -Wextra -Werror
# makefile (from `Makefile', line 1)
MAKEFILE_LIST :=  Makefile
# makefile (from `Makefile', line 41)
OBJ_DIR = objs
# environment
VSCODE_VERBOSE_LOGGING = true
# environment
__CFBundleIdentifier = com.microsoft.VSCode
# environment
INFOPATH = /opt/homebrew/share/info:
# environment
VSCODE_IPC_HOOK_EXTHOST = /var/folders/dk/16l17g0j3hn4kkrx49r03j3w0000gn/T/vscode-ipc-7d1acd7b-2328-461a-9f12-6a8ce6026554.sock
# environment
VSCODE_CWD = /
# environment
PATH = /Users/noguen/.local/bin:/opt/homebrew/bin:/opt/homebrew/sbin:/usr/local/bin:/usr/bin:/bin:/usr/sbin:/sbin:/usr/local/share/dotnet:~/.dotnet/tools:/Library/Apple/usr/bin:/Library/Frameworks/Mono.framework/Versions/Current/Commands
# environment
LSCOLORS = Gxfxcxdxbxegedabagacad
# makefile (from `Makefile', line 16)
READLINE_INC = -I/opt/homebrew/opt/readline/include
# environment
VSCODE_LOG_STACK = false
# environment
ELECTRON_RUN_AS_NODE = 1
# default
.FEATURES := target-specific order-only second-expansion else-if archives jobserver check-symlink
# makefile (from `Makefile', line 7)
LIBFT_DIR = libft
# environment
SSH_AUTH_SOCK = /private/tmp/com.apple.launchd.SgsL1RdUCe/Listeners
# automatic
%F = $(notdir $%)
# environment
VSCODE_PIPE_LOGGING = true
# environment
PWD = /Users/noguen/minimini
# environment
HOMEBREW_CELLAR = /opt/homebrew/Cellar
# environment
ORIGINAL_XDG_CURRENT_DESKTOP = undefined
# environment
MANPATH = /opt/homebrew/share/man::
# environment
VSCODE_AMD_ENTRYPOINT = vs/workbench/api/node/extensionHostProcess
# environment
HOME = /Users/noguen
# default
MAKEFILEPATH := /Applications/Xcode.app/Contents/Developer/Makefiles
# environment
VSCODE_CODE_CACHE_PATH = /Users/noguen/Library/Application Support/Code/CachedData/57fd6d0195bb9b9d1b49f6da5db789060795de47
# makefile (from `Makefile', line 15)
READLINE_LIB = -lreadline -L/opt/homebrew/opt/readline/lib
# environment
LOGNAME = noguen
# environment
APPLICATION_INSIGHTS_NO_DIAGNOSTIC_CHANNEL = 1
# environment
ZSH = /Users/noguen/.oh-my-zsh
# environment
VSCODE_HANDLES_UNCAUGHT_ERRORS = true
# automatic
^D = $(patsubst %/,%,$(dir $^))
# environment
XPC_FLAGS = 0x0
# default
MAKE = $(MAKE_COMMAND)
# default
MAKECMDGOALS := all
# environment
SHLVL = 1
# makefile (from `Makefile', line 6)
LIBFT = libft.a
# makefile (from `Makefile', line 1)
CC = gcc -g -fsanitize=address
# default
MAKE_VERSION := 3.81
# environment
USER = noguen
# makefile
.DEFAULT_GOAL := all
# makefile (from `Makefile', line 4)
NAME = minishell
# environment
LESS = -R
# automatic
%D = $(patsubst %/,%,$(dir $%))
# default
MAKE_COMMAND := /Applications/Xcode.app/Contents/Developer/usr/bin/make
# default
.VARIABLES := 
# environment
TMPDIR = /var/folders/dk/16l17g0j3hn4kkrx49r03j3w0000gn/T/
# automatic
*F = $(notdir $*)
# environment
VSCODE_IPC_HOOK = /Users/noguen/Library/Application Support/Code/1.67.0-main.sock
# makefile
MAKEFLAGS = Rrqp
# environment
MFLAGS = -Rrqp
# automatic
*D = $(patsubst %/,%,$(dir $*))
# environment
XPC_SERVICE_NAME = application.com.microsoft.VSCode.22976125.22976131
# environment
HOMEBREW_PREFIX = /opt/homebrew
# automatic
+D = $(patsubst %/,%,$(dir $+))
# automatic
+F = $(notdir $+)
# environment
HOMEBREW_REPOSITORY = /opt/homebrew
# environment
__CF_USER_TEXT_ENCODING = 0x1F5:0x3:0x33
# environment
COMMAND_MODE = unix2003
# default
MAKEFILES := 
# makefile (from `Makefile', line 18)
SRC_DIR = src
# automatic
<F = $(notdir $<)
# environment
PAGER = less
# environment
LC_ALL = C
# automatic
^F = $(notdir $^)
# default
SUFFIXES := 
# environment
MAKELEVEL := 0
# environment
LANG = C
# environment
VSCODE_PID = 56809
# variable set hash-table stats:
# Load=82/1024=8%, Rehash=0, Collisions=3/115=3%

# Pattern-specific Variable Values

# No pattern-specific variable values.

# Directories

# . (device 16777229, inode 23194108): 12 files, no impossibilities.
 
# src/parse (device 16777229, inode 23194244): 13 files, no impossibilities so far.
# src/utils (device 16777229, inode 23194258): 4 files, no impossibilities so far.
# src/get_next_line (device 16777229, inode 23194239): 4 files, no impossibilities so far.
# src (device 16777229, inode 23194236): 11 files, no impossibilities so far.

# 44 files, no impossibilities in 5 directories.

# Implicit Rules

objs/%.o: src/%.c
#  commands to execute (from `Makefile', line 56):
	mkdir -p $(OBJ_DIR)
	mkdir -p $(OBJ_DIR)/parse
	mkdir -p $(OBJ_DIR)/utils
	mkdir -p $(OBJ_DIR)/get_next_line
	$(CC) -c $< -o $(<:$(SRC_DIR)/%.c=$(OBJ_DIR)/%.o) \
	$(READLINE_INC)
	

# 1 implicit rules, 0 (0.0%) terminal.

# Files

# Not a target:
src/signal.c:
#  Implicit rule search has been done.
#  Last modified 2022-05-13 12:24:31
#  File has been updated.
#  Successfully updated.
# variable set hash-table stats:
# Load=0/32=0%, Rehash=0, Collisions=0/0=0%

objs/parse/new_cmd.o: src/parse/new_cmd.c
#  Implicit rule search has been done.
#  Implicit/static pattern stem: `parse/new_cmd'
#  Last modified 2022-05-13 12:26:38
#  File has been updated.
#  Successfully updated.
# variable set hash-table stats:
# Load=0/32=0%, Rehash=0, Collisions=0/0=0%
#  commands to execute (from `Makefile', line 56):
	mkdir -p $(OBJ_DIR)
	mkdir -p $(OBJ_DIR)/parse
	mkdir -p $(OBJ_DIR)/utils
	mkdir -p $(OBJ_DIR)/get_next_line
	$(CC) -c $< -o $(<:$(SRC_DIR)/%.c=$(OBJ_DIR)/%.o) \
	$(READLINE_INC)
	

objs/parse/get_env.o: src/parse/get_env.c
#  Implicit rule search has been done.
#  Implicit/static pattern stem: `parse/get_env'
#  Last modified 2022-05-13 12:26:38
#  File has been updated.
#  Successfully updated.
# variable set hash-table stats:
# Load=0/32=0%, Rehash=0, Collisions=0/0=0%
#  commands to execute (from `Makefile', line 56):
	mkdir -p $(OBJ_DIR)
	mkdir -p $(OBJ_DIR)/parse
	mkdir -p $(OBJ_DIR)/utils
	mkdir -p $(OBJ_DIR)/get_next_line
	$(CC) -c $< -o $(<:$(SRC_DIR)/%.c=$(OBJ_DIR)/%.o) \
	$(READLINE_INC)
	

objs/utils/util1.o: src/utils/util1.c
#  Implicit rule search has been done.
#  Implicit/static pattern stem: `utils/util1'
#  Last modified 2022-05-13 12:26:56
#  File has been updated.
#  Successfully updated.
# variable set hash-table stats:
# Load=0/32=0%, Rehash=0, Collisions=0/0=0%
#  commands to execute (from `Makefile', line 56):
	mkdir -p $(OBJ_DIR)
	mkdir -p $(OBJ_DIR)/parse
	mkdir -p $(OBJ_DIR)/utils
	mkdir -p $(OBJ_DIR)/get_next_line
	$(CC) -c $< -o $(<:$(SRC_DIR)/%.c=$(OBJ_DIR)/%.o) \
	$(READLINE_INC)
	

# Not a target:
src/parse/parse.c:
#  Implicit rule search has been done.
#  Last modified 2022-05-13 12:24:31
#  File has been updated.
#  Successfully updated.
# variable set hash-table stats:
# Load=0/32=0%, Rehash=0, Collisions=0/0=0%

# Not a target:
src/exec.c:
#  Implicit rule search has been done.
#  Last modified 2022-05-13 12:24:31
#  File has been updated.
#  Successfully updated.
# variable set hash-table stats:
# Load=0/32=0%, Rehash=0, Collisions=0/0=0%

objs/parse/split_cmd.o: src/parse/split_cmd.c
#  Implicit rule search has been done.
#  Implicit/static pattern stem: `parse/split_cmd'
#  Last modified 2022-05-13 12:26:38
#  File has been updated.
#  Successfully updated.
# variable set hash-table stats:
# Load=0/32=0%, Rehash=0, Collisions=0/0=0%
#  commands to execute (from `Makefile', line 56):
	mkdir -p $(OBJ_DIR)
	mkdir -p $(OBJ_DIR)/parse
	mkdir -p $(OBJ_DIR)/utils
	mkdir -p $(OBJ_DIR)/get_next_line
	$(CC) -c $< -o $(<:$(SRC_DIR)/%.c=$(OBJ_DIR)/%.o) \
	$(READLINE_INC)
	

# Not a target:
src/parse/utils.c:
#  Implicit rule search has been done.
#  Last modified 2022-05-13 12:24:31
#  File has been updated.
#  Successfully updated.
# variable set hash-table stats:
# Load=0/32=0%, Rehash=0, Collisions=0/0=0%

# Not a target:
src/parse/check.c:
#  Implicit rule search has been done.
#  Last modified 2022-05-13 12:24:31
#  File has been updated.
#  Successfully updated.
# variable set hash-table stats:
# Load=0/32=0%, Rehash=0, Collisions=0/0=0%

all: minishell
#  Phony target (prerequisite of .PHONY).
#  Command-line target.
#  Implicit rule search has not been done.
#  File does not exist.
#  File has been updated.
#  Successfully updated.
# variable set hash-table stats:
# Load=0/32=0%, Rehash=0, Collisions=0/0=0%

# Not a target:
src/minishell.c:
#  Implicit rule search has been done.
#  Last modified 2022-05-13 12:24:31
#  File has been updated.
#  Successfully updated.
# variable set hash-table stats:
# Load=0/32=0%, Rehash=0, Collisions=0/0=0%
 

.PHONY: all clean fclean
#  Implicit rule search has not been done.
#  Modification time never checked.
#  File has not been updated.

# Not a target:
src/get_next_line/get_next_line.c:
#  Implicit rule search has been done.
#  Last modified 2022-05-13 12:24:31
#  File has been updated.
#  Successfully updated.
# variable set hash-table stats:
# Load=0/32=0%, Rehash=0, Collisions=0/0=0%

objs/inout.o: src/inout.c
#  Implicit rule search has been done.
#  Implicit/static pattern stem: `inout'
#  Last modified 2022-05-13 12:26:56
#  File has been updated.
#  Successfully updated.
# variable set hash-table stats:
# Load=0/32=0%, Rehash=0, Collisions=0/0=0%
#  commands to execute (from `Makefile', line 56):
	mkdir -p $(OBJ_DIR)
	mkdir -p $(OBJ_DIR)/parse
	mkdir -p $(OBJ_DIR)/utils
	mkdir -p $(OBJ_DIR)/get_next_line
	$(CC) -c $< -o $(<:$(SRC_DIR)/%.c=$(OBJ_DIR)/%.o) \
	$(READLINE_INC)
	

objs/utils/util2.o: src/utils/util2.c
#  Implicit rule search has been done.
#  Implicit/static pattern stem: `utils/util2'
#  Last modified 2022-05-13 12:26:56
#  File has been updated.
#  Successfully updated.
# variable set hash-table stats:
# Load=0/32=0%, Rehash=0, Collisions=0/0=0%
#  commands to execute (from `Makefile', line 56):
	mkdir -p $(OBJ_DIR)
	mkdir -p $(OBJ_DIR)/parse
	mkdir -p $(OBJ_DIR)/utils
	mkdir -p $(OBJ_DIR)/get_next_line
	$(CC) -c $< -o $(<:$(SRC_DIR)/%.c=$(OBJ_DIR)/%.o) \
	$(READLINE_INC)
	

# Not a target:
.SUFFIXES:
#  Implicit rule search has not been done.
#  Modification time never checked.
#  File has not been updated.

# Not a target:
Makefile:
#  Implicit rule search has been done.
#  Last modified 2022-05-13 12:26:54
#  File has been updated.
#  Successfully updated.
# variable set hash-table stats:
# Load=0/32=0%, Rehash=0, Collisions=0/0=0%

objs/parse/alloc_token.o: src/parse/alloc_token.c
#  Implicit rule search has been done.
#  Implicit/static pattern stem: `parse/alloc_token'
#  Last modified 2022-05-13 12:26:38
#  File has been updated.
#  Successfully updated.
# variable set hash-table stats:
# Load=0/32=0%, Rehash=0, Collisions=0/0=0%
#  commands to execute (from `Makefile', line 56):
	mkdir -p $(OBJ_DIR)
	mkdir -p $(OBJ_DIR)/parse
	mkdir -p $(OBJ_DIR)/utils
	mkdir -p $(OBJ_DIR)/get_next_line
	$(CC) -c $< -o $(<:$(SRC_DIR)/%.c=$(OBJ_DIR)/%.o) \
	$(READLINE_INC)
	

# Not a target:
src/unset.c:
#  Implicit rule search has been done.
#  Last modified 2022-05-13 12:24:31
#  File has been updated.
#  Successfully updated.
# variable set hash-table stats:
# Load=0/32=0%, Rehash=0, Collisions=0/0=0%

libft.a:
#  Implicit rule search has not been done.
#  Last modified 2022-05-13 12:26:38
#  File has been updated.
#  Successfully updated.
#  commands to execute (from `Makefile', line 52):
	cd $(LIBFT_DIR); make
	cp $(LIBFT_DIR)/$(LIBFT) ./
	

objs/get_next_line/get_next_line_utils.o: src/get_next_line/get_next_line_utils.c
#  Implicit rule search has been done.
#  Implicit/static pattern stem: `get_next_line/get_next_line_utils'
#  Last modified 2022-05-13 12:26:56
#  File has been updated.
#  Successfully updated.
# variable set hash-table stats:
# Load=0/32=0%, Rehash=0, Collisions=0/0=0%
#  commands to execute (from `Makefile', line 56):
	mkdir -p $(OBJ_DIR)
	mkdir -p $(OBJ_DIR)/parse
	mkdir -p $(OBJ_DIR)/utils
	mkdir -p $(OBJ_DIR)/get_next_line
	$(CC) -c $< -o $(<:$(SRC_DIR)/%.c=$(OBJ_DIR)/%.o) \
	$(READLINE_INC)
	

objs/parse/get_parse_size.o: src/parse/get_parse_size.c
#  Implicit rule search has been done.
#  Implicit/static pattern stem: `parse/get_parse_size'
#  Last modified 2022-05-13 12:26:38
#  File has been updated.
#  Successfully updated.
# variable set hash-table stats:
# Load=0/32=0%, Rehash=0, Collisions=0/0=0%
#  commands to execute (from `Makefile', line 56):
 
	mkdir -p $(OBJ_DIR)
	mkdir -p $(OBJ_DIR)/parse
	mkdir -p $(OBJ_DIR)/utils
	mkdir -p $(OBJ_DIR)/get_next_line
	$(CC) -c $< -o $(<:$(SRC_DIR)/%.c=$(OBJ_DIR)/%.o) \
	$(READLINE_INC)
	

objs/parse/quote_count.o: src/parse/quote_count.c
#  Implicit rule search has been done.
#  Implicit/static pattern stem: `parse/quote_count'
#  Last modified 2022-05-13 12:26:38
#  File has been updated.
#  Successfully updated.
# variable set hash-table stats:
# Load=0/32=0%, Rehash=0, Collisions=0/0=0%
#  commands to execute (from `Makefile', line 56):
	mkdir -p $(OBJ_DIR)
	mkdir -p $(OBJ_DIR)/parse
	mkdir -p $(OBJ_DIR)/utils
	mkdir -p $(OBJ_DIR)/get_next_line
	$(CC) -c $< -o $(<:$(SRC_DIR)/%.c=$(OBJ_DIR)/%.o) \
	$(READLINE_INC)
	

objs/export.o: src/export.c
#  Implicit rule search has been done.
#  Implicit/static pattern stem: `export'
#  Last modified 2022-05-13 12:26:56
#  File has been updated.
#  Successfully updated.
# variable set hash-table stats:
# Load=0/32=0%, Rehash=0, Collisions=0/0=0%
#  commands to execute (from `Makefile', line 56):
	mkdir -p $(OBJ_DIR)
	mkdir -p $(OBJ_DIR)/parse
	mkdir -p $(OBJ_DIR)/utils
	mkdir -p $(OBJ_DIR)/get_next_line
	$(CC) -c $< -o $(<:$(SRC_DIR)/%.c=$(OBJ_DIR)/%.o) \
	$(READLINE_INC)
	

minishell: libft.a objs/parse/alloc_token.o objs/parse/alloc_word.o objs/parse/check.o objs/parse/get_env.o objs/parse/get_parse_size.o objs/parse/new_cmd.o objs/parse/parse.o objs/parse/quote_count.o objs/parse/split_cmd.o objs/parse/split_count.o objs/parse/utils.o objs/minishell.o objs/signal.o objs/unset.o objs/export.o objs/exec.o objs/inout.o objs/utils/util1.o objs/utils/util2.o objs/get_next_line/get_next_line.o objs/get_next_line/get_next_line_utils.o
#  Implicit rule search has not been done.
#  Last modified 2022-05-13 12:26:56
#  File has been updated.
#  Successfully updated.
# variable set hash-table stats:
# Load=0/32=0%, Rehash=0, Collisions=0/0=0%
#  commands to execute (from `Makefile', line 47):
	$(CC) -o $@ $(OBJ) $(READLINE_LIB) $(READLINE_INC)\
	$(LIBFT)
	

# Not a target:
src/parse/new_cmd.c:
#  Implicit rule search has been done.
#  Last modified 2022-05-13 12:24:31
#  File has been updated.
#  Successfully updated.
# variable set hash-table stats:
# Load=0/32=0%, Rehash=0, Collisions=0/0=0%

# Not a target:
src/parse/get_env.c:
#  Implicit rule search has been done.
#  Last modified 2022-05-13 12:24:31
#  File has been updated.
#  Successfully updated.
# variable set hash-table stats:
# Load=0/32=0%, Rehash=0, Collisions=0/0=0%

# Not a target:
src/utils/util1.c:
#  Implicit rule search has been done.
#  Last modified 2022-05-13 12:24:31
#  File has been updated.
#  Successfully updated.
# variable set hash-table stats:
# Load=0/32=0%, Rehash=0, Collisions=0/0=0%

fclean: clean
#  Phony target (prerequisite of .PHONY).
#  Implicit rule search has not been done.
#  File does not exist.
#  File has not been updated.
#  commands to execute (from `Makefile', line 68):
	cd $(LIBFT_DIR); make fclean
	$(RM) $(NAME) $(LIBFT)
	

# Not a target:
src/parse/split_cmd.c:
#  Implicit rule search has been done.
#  Last modified 2022-05-13 12:24:31
#  File has been updated.
#  Successfully updated.
# variable set hash-table stats:
# Load=0/32=0%, Rehash=0, Collisions=0/0=0%

objs/parse/alloc_word.o: src/parse/alloc_word.c
#  Implicit rule search has been done.
#  Implicit/static pattern stem: `parse/alloc_word'
#  Last modified 2022-05-13 12:26:38
#  File has been updated.
#  Successfully updated.
# variable set hash-table stats:
# Load=0/32=0%, Rehash=0, Collisions=0/0=0%
#  commands to execute (from `Makefile', line 56):
	mkdir -p $(OBJ_DIR)
	mkdir -p $(OBJ_DIR)/parse
	mkdir -p $(OBJ_DIR)/utils
	mkdir -p $(OBJ_DIR)/get_next_line
	$(CC) -c $< -o $(<:$(SRC_DIR)/%.c=$(OBJ_DIR)/%.o) \
	$(READLINE_INC)
	

objs/parse/split_count.o: src/parse/split_count.c
#  Implicit rule search has been done.
 
#  Implicit/static pattern stem: `parse/split_count'
#  Last modified 2022-05-13 12:26:39
#  File has been updated.
#  Successfully updated.
# variable set hash-table stats:
# Load=0/32=0%, Rehash=0, Collisions=0/0=0%
#  commands to execute (from `Makefile', line 56):
	mkdir -p $(OBJ_DIR)
	mkdir -p $(OBJ_DIR)/parse
	mkdir -p $(OBJ_DIR)/utils
	mkdir -p $(OBJ_DIR)/get_next_line
	$(CC) -c $< -o $(<:$(SRC_DIR)/%.c=$(OBJ_DIR)/%.o) \
	$(READLINE_INC)
	

objs/signal.o: src/signal.c
#  Implicit rule search has been done.
#  Implicit/static pattern stem: `signal'
#  Last modified 2022-05-13 12:26:55
#  File has been updated.
#  Successfully updated.
# variable set hash-table stats:
# Load=0/32=0%, Rehash=0, Collisions=0/0=0%
#  commands to execute (from `Makefile', line 56):
	mkdir -p $(OBJ_DIR)
	mkdir -p $(OBJ_DIR)/parse
	mkdir -p $(OBJ_DIR)/utils
	mkdir -p $(OBJ_DIR)/get_next_line
	$(CC) -c $< -o $(<:$(SRC_DIR)/%.c=$(OBJ_DIR)/%.o) \
	$(READLINE_INC)
	

# Not a target:
src/inout.c:
#  Implicit rule search has been done.
#  Last modified 2022-05-13 12:24:31
#  File has been updated.
#  Successfully updated.
# variable set hash-table stats:
# Load=0/32=0%, Rehash=0, Collisions=0/0=0%

# Not a target:
.DEFAULT:
#  Implicit rule search has not been done.
#  Modification time never checked.
#  File has not been updated.

objs/parse/parse.o: src/parse/parse.c
#  Implicit rule search has been done.
#  Implicit/static pattern stem: `parse/parse'
#  Last modified 2022-05-13 12:26:38
#  File has been updated.
#  Successfully updated.
# variable set hash-table stats:
# Load=0/32=0%, Rehash=0, Collisions=0/0=0%
#  commands to execute (from `Makefile', line 56):
	mkdir -p $(OBJ_DIR)
	mkdir -p $(OBJ_DIR)/parse
	mkdir -p $(OBJ_DIR)/utils
	mkdir -p $(OBJ_DIR)/get_next_line
	$(CC) -c $< -o $(<:$(SRC_DIR)/%.c=$(OBJ_DIR)/%.o) \
	$(READLINE_INC)
	

objs/exec.o: src/exec.c
#  Implicit rule search has been done.
#  Implicit/static pattern stem: `exec'
#  Last modified 2022-05-13 12:26:56
#  File has been updated.
#  Successfully updated.
# variable set hash-table stats:
# Load=0/32=0%, Rehash=0, Collisions=0/0=0%
#  commands to execute (from `Makefile', line 56):
	mkdir -p $(OBJ_DIR)
	mkdir -p $(OBJ_DIR)/parse
	mkdir -p $(OBJ_DIR)/utils
	mkdir -p $(OBJ_DIR)/get_next_line
	$(CC) -c $< -o $(<:$(SRC_DIR)/%.c=$(OBJ_DIR)/%.o) \
	$(READLINE_INC)
	

objs/parse/utils.o: src/parse/utils.c
#  Implicit rule search has been done.
#  Implicit/static pattern stem: `parse/utils'
#  Last modified 2022-05-13 12:26:39
#  File has been updated.
#  Successfully updated.
# variable set hash-table stats:
# Load=0/32=0%, Rehash=0, Collisions=0/0=0%
#  commands to execute (from `Makefile', line 56):
	mkdir -p $(OBJ_DIR)
	mkdir -p $(OBJ_DIR)/parse
	mkdir -p $(OBJ_DIR)/utils
	mkdir -p $(OBJ_DIR)/get_next_line
	$(CC) -c $< -o $(<:$(SRC_DIR)/%.c=$(OBJ_DIR)/%.o) \
	$(READLINE_INC)
	

objs/parse/check.o: src/parse/check.c
#  Implicit rule search has been done.
#  Implicit/static pattern stem: `parse/check'
#  Last modified 2022-05-13 12:26:38
#  File has been updated.
#  Successfully updated.
# variable set hash-table stats:
# Load=0/32=0%, Rehash=0, Collisions=0/0=0%
#  commands to execute (from `Makefile', line 56):
	mkdir -p $(OBJ_DIR)
	mkdir -p $(OBJ_DIR)/parse
	mkdir -p $(OBJ_DIR)/utils
	mkdir -p $(OBJ_DIR)/get_next_line
 
	$(CC) -c $< -o $(<:$(SRC_DIR)/%.c=$(OBJ_DIR)/%.o) \
	$(READLINE_INC)
	

# Not a target:
src/utils/util2.c:
#  Implicit rule search has been done.
#  Last modified 2022-05-13 12:24:31
#  File has been updated.
#  Successfully updated.
# variable set hash-table stats:
# Load=0/32=0%, Rehash=0, Collisions=0/0=0%

re: fclean all
#  Implicit rule search has not been done.
#  Modification time never checked.
#  File has not been updated.

clean:
#  Phony target (prerequisite of .PHONY).
#  Implicit rule search has not been done.
#  File does not exist.
#  File has not been updated.
#  commands to execute (from `Makefile', line 64):
	cd $(LIBFT_DIR); make clean
	$(RM) $(OBJ) $(OBJ_DIR)
	

objs/minishell.o: src/minishell.c
#  Implicit rule search has been done.
#  Implicit/static pattern stem: `minishell'
#  Last modified 2022-05-13 12:26:39
#  File has been updated.
#  Successfully updated.
# variable set hash-table stats:
# Load=0/32=0%, Rehash=0, Collisions=0/0=0%
#  commands to execute (from `Makefile', line 56):
	mkdir -p $(OBJ_DIR)
	mkdir -p $(OBJ_DIR)/parse
	mkdir -p $(OBJ_DIR)/utils
	mkdir -p $(OBJ_DIR)/get_next_line
	$(CC) -c $< -o $(<:$(SRC_DIR)/%.c=$(OBJ_DIR)/%.o) \
	$(READLINE_INC)
	

# Not a target:
src/parse/alloc_token.c:
#  Implicit rule search has been done.
#  Last modified 2022-05-13 12:24:31
#  File has been updated.
#  Successfully updated.
# variable set hash-table stats:
# Load=0/32=0%, Rehash=0, Collisions=0/0=0%

objs/get_next_line/get_next_line.o: src/get_next_line/get_next_line.c
#  Implicit rule search has been done.
#  Implicit/static pattern stem: `get_next_line/get_next_line'
#  Last modified 2022-05-13 12:26:56
#  File has been updated.
#  Successfully updated.
# variable set hash-table stats:
# Load=0/32=0%, Rehash=0, Collisions=0/0=0%
#  commands to execute (from `Makefile', line 56):
	mkdir -p $(OBJ_DIR)
	mkdir -p $(OBJ_DIR)/parse
	mkdir -p $(OBJ_DIR)/utils
	mkdir -p $(OBJ_DIR)/get_next_line
	$(CC) -c $< -o $(<:$(SRC_DIR)/%.c=$(OBJ_DIR)/%.o) \
	$(READLINE_INC)
	

# Not a target:
src/get_next_line/get_next_line_utils.c:
#  Implicit rule search has been done.
#  Last modified 2022-05-13 12:24:31
#  File has been updated.
#  Successfully updated.
# variable set hash-table stats:
# Load=0/32=0%, Rehash=0, Collisions=0/0=0%

# Not a target:
src/parse/get_parse_size.c:
#  Implicit rule search has been done.
#  Last modified 2022-05-13 12:24:31
#  File has been updated.
#  Successfully updated.
# variable set hash-table stats:
# Load=0/32=0%, Rehash=0, Collisions=0/0=0%

# Not a target:
src/parse/quote_count.c:
#  Implicit rule search has been done.
#  Last modified 2022-05-13 12:24:31
#  File has been updated.
#  Successfully updated.
# variable set hash-table stats:
# Load=0/32=0%, Rehash=0, Collisions=0/0=0%

# Not a target:
src/export.c:
#  Implicit rule search has been done.
#  Last modified 2022-05-13 12:24:31
#  File has been updated.
#  Successfully updated.
# variable set hash-table stats:
# Load=0/32=0%, Rehash=0, Collisions=0/0=0%

objs/unset.o: src/unset.c
#  Implicit rule search has been done.
#  Implicit/static pattern stem: `unset'
#  Last modified 2022-05-13 12:26:55
#  File has been updated.
#  Successfully updated.
 
# variable set hash-table stats:
# Load=0/32=0%, Rehash=0, Collisions=0/0=0%
#  commands to execute (from `Makefile', line 56):
	mkdir -p $(OBJ_DIR)
	mkdir -p $(OBJ_DIR)/parse
	mkdir -p $(OBJ_DIR)/utils
	mkdir -p $(OBJ_DIR)/get_next_line
	$(CC) -c $< -o $(<:$(SRC_DIR)/%.c=$(OBJ_DIR)/%.o) \
	$(READLINE_INC)
	

# Not a target:
src/parse/alloc_word.c:
#  Implicit rule search has been done.
#  Last modified 2022-05-13 12:24:31
#  File has been updated.
#  Successfully updated.
# variable set hash-table stats:
# Load=0/32=0%, Rehash=0, Collisions=0/0=0%

# Not a target:
src/parse/split_count.c:
#  Implicit rule search has been done.
#  Last modified 2022-05-13 12:24:31
#  File has been updated.
#  Successfully updated.
# variable set hash-table stats:
# Load=0/32=0%, Rehash=0, Collisions=0/0=0%

# files hash-table stats:
# Load=52/1024=5%, Rehash=0, Collisions=1/157=1%
# VPATH Search Paths

# No `vpath' search paths.

# No general (`VPATH' variable) search path.

# # of strings in strcache: 1
# # of strcache buffers: 1
# strcache size: total = 4096 / max = 4096 / min = 4096 / avg = 4096
# strcache free: total = 4087 / max = 4087 / min = 4087 / avg = 4087

# Finished Make data base on Fri May 13 12:28:04 2022

 
